Snapshot Metadata: 
{
    "conf_state": {
        "voters": [
            1725449293188291250
        ],
        "auto_leave": false
    },
    "index": 200002,
    "term": 2
}

-----------------------------------------------------

Snapshot Data: 
{
    "Root": {
        "Path": "/",
        "CreatedIndex": 0,
        "ModifiedIndex": 0,
        "ExpireTime": "0001-01-01T00:00:00Z",
        "Value": "",
        "Children": {
            "0": {
                "Path": "/0",
                "CreatedIndex": 0,
                "ModifiedIndex": 0,
                "ExpireTime": "0001-01-01T00:00:00Z",
                "Value": "",
                "Children": {
                    "members": {
                        "Path": "/0/members",
                        "CreatedIndex": 1,
                        "ModifiedIndex": 1,
                        "ExpireTime": "0001-01-01T00:00:00Z",
                        "Value": "",
                        "Children": {
                            "17f206fd866fdab2": {
                                "Path": "/0/members/17f206fd866fdab2",
                                "CreatedIndex": 1,
                                "ModifiedIndex": 1,
                                "ExpireTime": "0001-01-01T00:00:00Z",
                                "Value": "",
                                "Children": {
                                    "attributes": {
                                        "Path": "/0/members/17f206fd866fdab2/attributes",
                                        "CreatedIndex": 2,
                                        "ModifiedIndex": 2,
                                        "ExpireTime": "0001-01-01T00:00:00Z",
                                        "Value": "{\"name\":\"88a0ab9f-df83-47e5-a992-2348bf3e1621\",\"clientURLs\":[\"https://master-0.etcd.cfcr.internal:2379\"]}",
                                        "Children": null
                                    },
                                    "raftAttributes": {
                                        "Path": "/0/members/17f206fd866fdab2/raftAttributes",
                                        "CreatedIndex": 1,
                                        "ModifiedIndex": 1,
                                        "ExpireTime": "0001-01-01T00:00:00Z",
                                        "Value": "{\"peerURLs\":[\"https://master-0.etcd.cfcr.internal:2380\"]}",
                                        "Children": null
                                    }
                                }
                            }
                        }
                    },
                    "version": {
                        "Path": "/0/version",
                        "CreatedIndex": 3,
                        "ModifiedIndex": 3,
                        "ExpireTime": "0001-01-01T00:00:00Z",
                        "Value": "3.4.0",
                        "Children": null
                    }
                }
            },
            "1": {
                "Path": "/1",
                "CreatedIndex": 0,
                "ModifiedIndex": 0,
                "ExpireTime": "0001-01-01T00:00:00Z",
                "Value": "",
                "Children": {
                    "coreos.com": {
                        "Path": "/1/coreos.com",
                        "CreatedIndex": 4,
                        "ModifiedIndex": 4,
                        "ExpireTime": "0001-01-01T00:00:00Z",
                        "Value": "",
                        "Children": {
                            "network": {
                                "Path": "/1/coreos.com/network",
                                "CreatedIndex": 4,
                                "ModifiedIndex": 4,
                                "ExpireTime": "0001-01-01T00:00:00Z",
                                "Value": "",
                                "Children": {
                                    "config": {
                                        "Path": "/1/coreos.com/network/config",
                                        "CreatedIndex": 4,
                                        "ModifiedIndex": 4,
                                        "ExpireTime": "0001-01-01T00:00:00Z",
                                        "Value": "{\"Network\":\"10.200.0.0/16\",\"Backend\":{\"Type\":\"vxlan\"}}",
                                        "Children": null
                                    },
                                    "subnets": {
                                        "Path": "/1/coreos.com/network/subnets",
                                        "CreatedIndex": 5,
                                        "ModifiedIndex": 5,
                                        "ExpireTime": "0001-01-01T00:00:00Z",
                                        "Value": "",
                                        "Children": {
                                            "10.200.81.0-24": {
                                                "Path": "/1/coreos.com/network/subnets/10.200.81.0-24",
                                                "CreatedIndex": 5,
                                                "ModifiedIndex": 5,
                                                "ExpireTime": "2021-05-15T07:25:52.987387852Z",
                                                "Value": "{\"PublicIP\":\"30.0.0.24\",\"BackendType\":\"vxlan\",\"BackendData\":{\"VtepMAC\":\"72:af:1d:2e:f0:12\"}}",
                                                "Children": null
                                            }
                                        }
                                    }
                                }
                            }
                        }
                    }
                }
            },
            "2": {
                "Path": "/2",
                "CreatedIndex": 6,
                "ModifiedIndex": 6,
                "ExpireTime": "0001-01-01T00:00:00Z",
                "Value": "",
                "Children": {
                    "enabled": {
                        "Path": "/2/enabled",
                        "CreatedIndex": 9,
                        "ModifiedIndex": 17,
                        "ExpireTime": "0001-01-01T00:00:00Z",
                        "Value": "true",
                        "Children": null
                    },
                    "roles": {
                        "Path": "/2/roles",
                        "CreatedIndex": 8,
                        "ModifiedIndex": 8,
                        "ExpireTime": "0001-01-01T00:00:00Z",
                        "Value": "",
                        "Children": {
                            "flanneld-role": {
                                "Path": "/2/roles/flanneld-role",
                                "CreatedIndex": 12,
                                "ModifiedIndex": 14,
                                "ExpireTime": "0001-01-01T00:00:00Z",
                                "Value": "{\"role\":\"flanneld-role\",\"permissions\":{\"kv\":{\"read\":[\"/coreos.com/network/*\"],\"write\":[\"/coreos.com/network/*\"]}}}",
                                "Children": null
                            },
                            "guest": {
                                "Path": "/2/roles/guest",
                                "CreatedIndex": 16,
                                "ModifiedIndex": 16,
                                "ExpireTime": "0001-01-01T00:00:00Z",
                                "Value": "{\"role\":\"guest\",\"permissions\":{\"kv\":{\"read\":[\"/*\"],\"write\":[\"/*\"]}}}",
                                "Children": null
                            }
                        }
                    },
                    "users": {
                        "Path": "/2/users",
                        "CreatedIndex": 7,
                        "ModifiedIndex": 7,
                        "ExpireTime": "0001-01-01T00:00:00Z",
                        "Value": "",
                        "Children": {
                            "flanneld": {
                                "Path": "/2/users/flanneld",
                                "CreatedIndex": 11,
                                "ModifiedIndex": 15,
                                "ExpireTime": "0001-01-01T00:00:00Z",
                                "Value": "{\"user\":\"flanneld\",\"password\":\"$2a$10$AJ4JTAvWMxmHcgbdF6KibeDw7ueNaoollYS6ZgQZ10o9UGWCcRfhS\",\"roles\":[\"flanneld-role\"]}",
                                "Children": null
                            },
                            "root": {
                                "Path": "/2/users/root",
                                "CreatedIndex": 10,
                                "ModifiedIndex": 10,
                                "ExpireTime": "0001-01-01T00:00:00Z",
                                "Value": "{\"user\":\"root\",\"password\":\"$2a$10$TyDPBKXhaX9bNqh2O1bLkeA7xA5iC8vP7mYJz6DKyDiNj0H/aM1i6\",\"roles\":[\"root\"]}",
                                "Children": null
                            }
                        }
                    }
                }
            }
        }
    },
    "WatcherHub": {
        "EventHistory": {
            "Queue": {
                "Events": [
                    {
                        "action": "create",
                        "node": {
                            "key": "/0/members/17f206fd866fdab2/raftAttributes",
                            "value": "{\"peerURLs\":[\"https://master-0.etcd.cfcr.internal:2380\"]}",
                            "modifiedIndex": 1,
                            "createdIndex": 1
                        }
                    },
                    {
                        "action": "set",
                        "node": {
                            "key": "/0/members/17f206fd866fdab2/attributes",
                            "value": "{\"name\":\"88a0ab9f-df83-47e5-a992-2348bf3e1621\",\"clientURLs\":[\"https://master-0.etcd.cfcr.internal:2379\"]}",
                            "modifiedIndex": 2,
                            "createdIndex": 2
                        }
                    },
                    {
                        "action": "set",
                        "node": {
                            "key": "/0/version",
                            "value": "3.4.0",
                            "modifiedIndex": 3,
                            "createdIndex": 3
                        }
                    },
                    {
                        "action": "set",
                        "node": {
                            "key": "/1/coreos.com/network/config",
                            "value": "{\"Network\":\"10.200.0.0/16\",\"Backend\":{\"Type\":\"vxlan\"}}",
                            "modifiedIndex": 4,
                            "createdIndex": 4
                        }
                    },
                    {
                        "action": "create",
                        "node": {
                            "key": "/1/coreos.com/network/subnets/10.200.81.0-24",
                            "value": "{\"PublicIP\":\"30.0.0.24\",\"BackendType\":\"vxlan\",\"BackendData\":{\"VtepMAC\":\"72:af:1d:2e:f0:12\"}}",
                            "expiration": "2021-05-15T07:25:52.987387852Z",
                            "ttl": 86400,
                            "modifiedIndex": 5,
                            "createdIndex": 5
                        }
                    },
                    {
                        "action": "create",
                        "node": {
                            "key": "/2",
                            "dir": true,
                            "modifiedIndex": 6,
                            "createdIndex": 6
                        }
                    },
                    {
                        "action": "create",
                        "node": {
                            "key": "/2/users",
                            "dir": true,
                            "modifiedIndex": 7,
                            "createdIndex": 7
                        }
                    },
                    {
                        "action": "create",
                        "node": {
                            "key": "/2/roles",
                            "dir": true,
                            "modifiedIndex": 8,
                            "createdIndex": 8
                        }
                    },
                    {
                        "action": "create",
                        "node": {
                            "key": "/2/enabled",
                            "value": "false",
                            "modifiedIndex": 9,
                            "createdIndex": 9
                        }
                    },
                    {
                        "action": "create",
                        "node": {
                            "key": "/2/users/root",
                            "value": "{\"user\":\"root\",\"password\":\"$2a$10$TyDPBKXhaX9bNqh2O1bLkeA7xA5iC8vP7mYJz6DKyDiNj0H/aM1i6\",\"roles\":[\"root\"]}",
                            "modifiedIndex": 10,
                            "createdIndex": 10
                        }
                    },
                    {
                        "action": "create",
                        "node": {
                            "key": "/2/users/flanneld",
                            "value": "{\"user\":\"flanneld\",\"password\":\"$2a$10$AJ4JTAvWMxmHcgbdF6KibeDw7ueNaoollYS6ZgQZ10o9UGWCcRfhS\",\"roles\":null}",
                            "modifiedIndex": 11,
                            "createdIndex": 11
                        }
                    },
                    {
                        "action": "create",
                        "node": {
                            "key": "/2/roles/flanneld-role",
                            "value": "{\"role\":\"flanneld-role\",\"permissions\":{\"kv\":{\"read\":null,\"write\":null}}}",
                            "modifiedIndex": 12,
                            "createdIndex": 12
                        }
                    },
                    {
                        "action": "update",
                        "node": {
                            "key": "/2/roles/flanneld-role",
                            "value": "{\"role\":\"flanneld-role\",\"permissions\":{\"kv\":{\"read\":[\"/coreos.com/network/*\"],\"write\":[]}}}",
                            "modifiedIndex": 13,
                            "createdIndex": 12
                        },
                        "prevNode": {
                            "key": "/2/roles/flanneld-role",
                            "value": "{\"role\":\"flanneld-role\",\"permissions\":{\"kv\":{\"read\":null,\"write\":null}}}",
                            "modifiedIndex": 12,
                            "createdIndex": 12
                        }
                    },
                    {
                        "action": "update",
                        "node": {
                            "key": "/2/roles/flanneld-role",
                            "value": "{\"role\":\"flanneld-role\",\"permissions\":{\"kv\":{\"read\":[\"/coreos.com/network/*\"],\"write\":[\"/coreos.com/network/*\"]}}}",
                            "modifiedIndex": 14,
                            "createdIndex": 12
                        },
                        "prevNode": {
                            "key": "/2/roles/flanneld-role",
                            "value": "{\"role\":\"flanneld-role\",\"permissions\":{\"kv\":{\"read\":[\"/coreos.com/network/*\"],\"write\":[]}}}",
                            "modifiedIndex": 13,
                            "createdIndex": 12
                        }
                    },
                    {
                        "action": "update",
                        "node": {
                            "key": "/2/users/flanneld",
                            "value": "{\"user\":\"flanneld\",\"password\":\"$2a$10$AJ4JTAvWMxmHcgbdF6KibeDw7ueNaoollYS6ZgQZ10o9UGWCcRfhS\",\"roles\":[\"flanneld-role\"]}",
                            "modifiedIndex": 15,
                            "createdIndex": 11
                        },
                        "prevNode": {
                            "key": "/2/users/flanneld",
                            "value": "{\"user\":\"flanneld\",\"password\":\"$2a$10$AJ4JTAvWMxmHcgbdF6KibeDw7ueNaoollYS6ZgQZ10o9UGWCcRfhS\",\"roles\":null}",
                            "modifiedIndex": 11,
                            "createdIndex": 11
                        }
                    },
                    {
                        "action": "create",
                        "node": {
                            "key": "/2/roles/guest",
                            "value": "{\"role\":\"guest\",\"permissions\":{\"kv\":{\"read\":[\"/*\"],\"write\":[\"/*\"]}}}",
                            "modifiedIndex": 16,
                            "createdIndex": 16
                        }
                    },
                    {
                        "action": "update",
                        "node": {
                            "key": "/2/enabled",
                            "value": "true",
                            "modifiedIndex": 17,
                            "createdIndex": 9
                        },
                        "prevNode": {
                            "key": "/2/enabled",
                            "value": "false",
                            "modifiedIndex": 9,
                            "createdIndex": 9
                        }
                    },
                    null,
                    null,
                    null,
                    null,
                    null,
                    null,
                    null,
                    null,
                    null,
                    null,
                    null,
                    null,
                    null,
                    null,
                    null,
                    null,
                    null,
                    null,
                    null,
                    null,
                    null,
                    null,
                    null,
                    null,
                    null,
                    null,
                    null,
                    null,
                    null,
                    null,
                    null,
                    null,
                    null,
                    null,
                    null,
                    null,
                    null,
                    null,
                    null,
                    null,
                    null,
                    null,
                    null,
                    null,
                    null,
                    null,
                    null,
                    null,
                    null,
                    null,
                    null,
                    null,
                    null,
                    null,
                    null,
                    null,
                    null,
                    null,
                    null,
                    null,
                    null,
                    null,
                    null,
                    null,
                    null,
                    null,
                    null,
                    null,
                    null,
                    null,
                    null,
                    null,
                    null,
                    null,
                    null,
                    null,
                    null,
                    null,
                    null,
                    null,
                    null,
                    null,
                    null,
                    null,
                    null,
                    null,
                    null,
                    null,
                    null,
                    null,
                    null,
                    null,
                    null,
                    null,
                    null,
                    null,
                    null,
                    null,
                    null,
                    null,
                    null,
                    null,
                    null,
                    null,
                    null,
                    null,
                    null,
                    null,
                    null,
                    null,
                    null,
                    null,
                    null,
                    null,
                    null,
                    null,
                    null,
                    null,
                    null,
                    null,
                    null,
                    null,
                    null,
                    null,
                    null,
                    null,
                    null,
                    null,
                    null,
                    null,
                    null,
                    null,
                    null,
                    null,
                    null,
                    null,
                    null,
                    null,
                    null,
                    null,
                    null,
                    null,
                    null,
                    null,
                    null,
                    null,
                    null,
                    null,
                    null,
                    null,
                    null,
                    null,
                    null,
                    null,
                    null,
                    null,
                    null,
                    null,
                    null,
                    null,
                    null,
                    null,
                    null,
                    null,
                    null,
                    null,
                    null,
                    null,
                    null,
                    null,
                    null,
                    null,
                    null,
                    null,
                    null,
                    null,
                    null,
                    null,
                    null,
                    null,
                    null,
                    null,
                    null,
                    null,
                    null,
                    null,
                    null,
                    null,
                    null,
                    null,
                    null,
                    null,
                    null,
                    null,
                    null,
                    null,
                    null,
                    null,
                    null,
                    null,
                    null,
                    null,
                    null,
                    null,
                    null,
                    null,
                    null,
                    null,
                    null,
                    null,
                    null,
                    null,
                    null,
                    null,
                    null,
                    null,
                    null,
                    null,
                    null,
                    null,
                    null,
                    null,
                    null,
                    null,
                    null,
                    null,
                    null,
                    null,
                    null,
                    null,
                    null,
                    null,
                    null,
                    null,
                    null,
                    null,
                    null,
                    null,
                    null,
                    null,
                    null,
                    null,
                    null,
                    null,
                    null,
                    null,
                    null,
                    null,
                    null,
                    null,
                    null,
                    null,
                    null,
                    null,
                    null,
                    null,
                    null,
                    null,
                    null,
                    null,
                    null,
                    null,
                    null,
                    null,
                    null,
                    null,
                    null,
                    null,
                    null,
                    null,
                    null,
                    null,
                    null,
                    null,
                    null,
                    null,
                    null,
                    null,
                    null,
                    null,
                    null,
                    null,
                    null,
                    null,
                    null,
                    null,
                    null,
                    null,
                    null,
                    null,
                    null,
                    null,
                    null,
                    null,
                    null,
                    null,
                    null,
                    null,
                    null,
                    null,
                    null,
                    null,
                    null,
                    null,
                    null,
                    null,
                    null,
                    null,
                    null,
                    null,
                    null,
                    null,
                    null,
                    null,
                    null,
                    null,
                    null,
                    null,
                    null,
                    null,
                    null,
                    null,
                    null,
                    null,
                    null,
                    null,
                    null,
                    null,
                    null,
                    null,
                    null,
                    null,
                    null,
                    null,
                    null,
                    null,
                    null,
                    null,
                    null,
                    null,
                    null,
                    null,
                    null,
                    null,
                    null,
                    null,
                    null,
                    null,
                    null,
                    null,
                    null,
                    null,
                    null,
                    null,
                    null,
                    null,
                    null,
                    null,
                    null,
                    null,
                    null,
                    null,
                    null,
                    null,
                    null,
                    null,
                    null,
                    null,
                    null,
                    null,
                    null,
                    null,
                    null,
                    null,
                    null,
                    null,
                    null,
                    null,
                    null,
                    null,
                    null,
                    null,
                    null,
                    null,
                    null,
                    null,
                    null,
                    null,
                    null,
                    null,
                    null,
                    null,
                    null,
                    null,
                    null,
                    null,
                    null,
                    null,
                    null,
                    null,
                    null,
                    null,
                    null,
                    null,
                    null,
                    null,
                    null,
                    null,
                    null,
                    null,
                    null,
                    null,
                    null,
                    null,
                    null,
                    null,
                    null,
                    null,
                    null,
                    null,
                    null,
                    null,
                    null,
                    null,
                    null,
                    null,
                    null,
                    null,
                    null,
                    null,
                    null,
                    null,
                    null,
                    null,
                    null,
                    null,
                    null,
                    null,
                    null,
                    null,
                    null,
                    null,
                    null,
                    null,
                    null,
                    null,
                    null,
                    null,
                    null,
                    null,
                    null,
                    null,
                    null,
                    null,
                    null,
                    null,
                    null,
                    null,
                    null,
                    null,
                    null,
                    null,
                    null,
                    null,
                    null,
                    null,
                    null,
                    null,
                    null,
                    null,
                    null,
                    null,
                    null,
                    null,
                    null,
                    null,
                    null,
                    null,
                    null,
                    null,
                    null,
                    null,
                    null,
                    null,
                    null,
                    null,
                    null,
                    null,
                    null,
                    null,
                    null,
                    null,
                    null,
                    null,
                    null,
                    null,
                    null,
                    null,
                    null,
                    null,
                    null,
                    null,
                    null,
                    null,
                    null,
                    null,
                    null,
                    null,
                    null,
                    null,
                    null,
                    null,
                    null,
                    null,
                    null,
                    null,
                    null,
                    null,
                    null,
                    null,
                    null,
                    null,
                    null,
                    null,
                    null,
                    null,
                    null,
                    null,
                    null,
                    null,
                    null,
                    null,
                    null,
                    null,
                    null,
                    null,
                    null,
                    null,
                    null,
                    null,
                    null,
                    null,
                    null,
                    null,
                    null,
                    null,
                    null,
                    null,
                    null,
                    null,
                    null,
                    null,
                    null,
                    null,
                    null,
                    null,
                    null,
                    null,
                    null,
                    null,
                    null,
                    null,
                    null,
                    null,
                    null,
                    null,
                    null,
                    null,
                    null,
                    null,
                    null,
                    null,
                    null,
                    null,
                    null,
                    null,
                    null,
                    null,
                    null,
                    null,
                    null,
                    null,
                    null,
                    null,
                    null,
                    null,
                    null,
                    null,
                    null,
                    null,
                    null,
                    null,
                    null,
                    null,
                    null,
                    null,
                    null,
                    null,
                    null,
                    null,
                    null,
                    null,
                    null,
                    null,
                    null,
                    null,
                    null,
                    null,
                    null,
                    null,
                    null,
                    null,
                    null,
                    null,
                    null,
                    null,
                    null,
                    null,
                    null,
                    null,
                    null,
                    null,
                    null,
                    null,
                    null,
                    null,
                    null,
                    null,
                    null,
                    null,
                    null,
                    null,
                    null,
                    null,
                    null,
                    null,
                    null,
                    null,
                    null,
                    null,
                    null,
                    null,
                    null,
                    null,
                    null,
                    null,
                    null,
                    null,
                    null,
                    null,
                    null,
                    null,
                    null,
                    null,
                    null,
                    null,
                    null,
                    null,
                    null,
                    null,
                    null,
                    null,
                    null,
                    null,
                    null,
                    null,
                    null,
                    null,
                    null,
                    null,
                    null,
                    null,
                    null,
                    null,
                    null,
                    null,
                    null,
                    null,
                    null,
                    null,
                    null,
                    null,
                    null,
                    null,
                    null,
                    null,
                    null,
                    null,
                    null,
                    null,
                    null,
                    null,
                    null,
                    null,
                    null,
                    null,
                    null,
                    null,
                    null,
                    null,
                    null,
                    null,
                    null,
                    null,
                    null,
                    null,
                    null,
                    null,
                    null,
                    null,
                    null,
                    null,
                    null,
                    null,
                    null,
                    null,
                    null,
                    null,
                    null,
                    null,
                    null,
                    null,
                    null,
                    null,
                    null,
                    null,
                    null,
                    null,
                    null,
                    null,
                    null,
                    null,
                    null,
                    null,
                    null,
                    null,
                    null,
                    null,
                    null,
                    null,
                    null,
                    null,
                    null,
                    null,
                    null,
                    null,
                    null,
                    null,
                    null,
                    null,
                    null,
                    null,
                    null,
                    null,
                    null,
                    null,
                    null,
                    null,
                    null,
                    null,
                    null,
                    null,
                    null,
                    null,
                    null,
                    null,
                    null,
                    null,
                    null,
                    null,
                    null,
                    null,
                    null,
                    null,
                    null,
                    null,
                    null,
                    null,
                    null,
                    null,
                    null,
                    null,
                    null,
                    null,
                    null,
                    null,
                    null,
                    null,
                    null,
                    null,
                    null,
                    null,
                    null,
                    null,
                    null,
                    null,
                    null,
                    null,
                    null,
                    null,
                    null,
                    null,
                    null,
                    null,
                    null,
                    null,
                    null,
                    null,
                    null,
                    null,
                    null,
                    null,
                    null,
                    null,
                    null,
                    null,
                    null,
                    null,
                    null,
                    null,
                    null,
                    null,
                    null,
                    null,
                    null,
                    null,
                    null,
                    null,
                    null,
                    null,
                    null,
                    null,
                    null,
                    null,
                    null,
                    null,
                    null,
                    null,
                    null,
                    null,
                    null,
                    null,
                    null,
                    null,
                    null,
                    null,
                    null,
                    null,
                    null,
                    null,
                    null,
                    null,
                    null,
                    null,
                    null,
                    null,
                    null,
                    null,
                    null,
                    null,
                    null,
                    null,
                    null,
                    null,
                    null,
                    null,
                    null,
                    null,
                    null,
                    null,
                    null,
                    null,
                    null,
                    null,
                    null,
                    null,
                    null,
                    null,
                    null,
                    null,
                    null,
                    null,
                    null,
                    null,
                    null,
                    null,
                    null,
                    null,
                    null,
                    null,
                    null,
                    null,
                    null,
                    null,
                    null,
                    null,
                    null,
                    null,
                    null,
                    null,
                    null,
                    null,
                    null,
                    null,
                    null,
                    null,
                    null,
                    null,
                    null,
                    null,
                    null,
                    null,
                    null,
                    null,
                    null,
                    null,
                    null,
                    null,
                    null,
                    null,
                    null,
                    null,
                    null,
                    null,
                    null,
                    null,
                    null,
                    null,
                    null,
                    null,
                    null,
                    null,
                    null,
                    null,
                    null,
                    null,
                    null,
                    null,
                    null,
                    null,
                    null,
                    null,
                    null,
                    null,
                    null,
                    null,
                    null,
                    null,
                    null,
                    null,
                    null,
                    null,
                    null,
                    null,
                    null,
                    null,
                    null,
                    null,
                    null,
                    null,
                    null,
                    null,
                    null,
                    null,
                    null,
                    null,
                    null,
                    null,
                    null,
                    null,
                    null,
                    null,
                    null,
                    null,
                    null,
                    null,
                    null,
                    null,
                    null,
                    null,
                    null,
                    null,
                    null
                ],
                "Size": 17,
                "Front": 0,
                "Back": 17,
                "Capacity": 1000
            },
            "StartIndex": 1,
            "LastIndex": 17
        }
    },
    "CurrentIndex": 17,
    "Stats": {
        "getsSuccess": 34,
        "getsFail": 20,
        "setsSuccess": 3,
        "setsFail": 0,
        "deleteSuccess": 0,
        "deleteFail": 0,
        "updateSuccess": 4,
        "updateFail": 0,
        "createSuccess": 10,
        "createFail": 0,
        "compareAndSwapSuccess": 0,
        "compareAndSwapFail": 0,
        "compareAndDeleteSuccess": 0,
        "compareAndDeleteFail": 0,
        "expireCount": 0,
        "watchers": 0
    },
    "CurrentVersion": 2
}

